# JRE version: OpenJDK Runtime Environment 18.9 (11.0.14.1+1) (build 11.0.14.1+1)
# Java VM: OpenJDK 64-Bit Server VM 18.9 (11.0.14.1+1, mixed mode, sharing, tiered, compressed oops, g1 gc, linux-amd64)
Heap:
 garbage-first heap   total 196608K, used 157346K [0x0000000087800000, 0x0000000100000000)
  region size 1024K, 107 young (109568K), 1 survivors (1024K)
 Metaspace       used 19662K, capacity 19982K, committed 21248K, reserved 1069056K
  class space    used 2099K, capacity 2244K, committed 2560K, reserved 1048576K
GC Heap History (20 events):
Event: 16661.073 GC heap after
{Heap after GC invocations=853 (full 0):
 garbage-first heap   total 196608K, used 46141K [0x0000000087800000, 0x0000000100000000)
  region size 1024K, 7 young (7168K), 7 survivors (7168K)
 Metaspace       used 19638K, capacity 19982K, committed 21248K, reserved 1069056K
  class space    used 2099K, capacity 2244K, committed 2560K, reserved 1048576K
}
Event: 16662.074 GC heap before
{Heap before GC invocations=853 (full 0):
 garbage-first heap   total 196608K, used 156733K [0x0000000087800000, 0x0000000100000000)
  region size 1024K, 115 young (117760K), 7 survivors (7168K)
 Metaspace       used 19638K, capacity 19982K, committed 21248K, reserved 1069056K
  class space    used 2099K, capacity 2244K, committed 2560K, reserved 1048576K
}
Event: 16662.084 GC heap after
{Heap after GC invocations=854 (full 0):
 garbage-first heap   total 196608K, used 46490K [0x0000000087800000, 0x0000000100000000)
  region size 1024K, 7 young (7168K), 7 survivors (7168K)
 Metaspace       used 19638K, capacity 19982K, committed 21248K, reserved 1069056K
  class space    used 2099K, capacity 2244K, committed 2560K, reserved 1048576K
}
Event: 16672.864 GC heap before
{Heap before GC invocations=854 (full 0):
 garbage-first heap   total 196608K, used 157082K [0x0000000087800000, 0x0000000100000000)
  region size 1024K, 115 young (117760K), 7 survivors (7168K)
 Metaspace       used 19641K, capacity 19982K, committed 21248K, reserved 1069056K
  class space    used 2099K, capacity 2244K, committed 2560K, reserved 1048576K
}
Event: 16672.877 GC heap after
{Heap after GC invocations=855 (full 0):
 garbage-first heap   total 196608K, used 46145K [0x0000000087800000, 0x0000000100000000)
  region size 1024K, 7 young (7168K), 7 survivors (7168K)
 Metaspace       used 19641K, capacity 19982K, committed 21248K, reserved 1069056K
  class space    used 2099K, capacity 2244K, committed 2560K, reserved 1048576K
}
Event: 16674.572 GC heap before
{Heap before GC invocations=855 (full 0):
 garbage-first heap   total 196608K, used 156737K [0x0000000087800000, 0x0000000100000000)
  region size 1024K, 115 young (117760K), 7 survivors (7168K)
 Metaspace       used 19642K, capacity 19982K, committed 21248K, reserved 1069056K
  class space    used 2099K, capacity 2244K, committed 2560K, reserved 1048576K
}
Event: 16674.580 GC heap after
{Heap after GC invocations=856 (full 0):
 garbage-first heap   total 196608K, used 46370K [0x0000000087800000, 0x0000000100000000)
  region size 1024K, 7 young (7168K), 7 survivors (7168K)
 Metaspace       used 19642K, capacity 19982K, committed 21248K, reserved 1069056K
  class space    used 2099K, capacity 2244K, committed 2560K, reserved 1048576K
}
Event: 16675.539 GC heap before
{Heap before GC invocations=856 (full 0):
 garbage-first heap   total 196608K, used 156962K [0x0000000087800000, 0x0000000100000000)
  region size 1024K, 115 young (117760K), 7 survivors (7168K)
 Metaspace       used 19642K, capacity 19982K, committed 21248K, reserved 1069056K
  class space    used 2099K, capacity 2244K, committed 2560K, reserved 1048576K
}
Event: 16675.548 GC heap after
{Heap after GC invocations=857 (full 0):
 garbage-first heap   total 196608K, used 46585K [0x0000000087800000, 0x0000000100000000)
  region size 1024K, 7 young (7168K), 7 survivors (7168K)
 Metaspace       used 19642K, capacity 19982K, committed 21248K, reserved 1069056K
  class space    used 2099K, capacity 2244K, committed 2560K, reserved 1048576K
}
Event: 16676.574 GC heap before
{Heap before GC invocations=857 (full 0):
 garbage-first heap   total 196608K, used 156153K [0x0000000087800000, 0x0000000100000000)
  region size 1024K, 115 young (117760K), 7 survivors (7168K)
 Metaspace       used 19642K, capacity 19982K, committed 21248K, reserved 1069056K
  class space    used 2099K, capacity 2244K, committed 2560K, reserved 1048576K
}
Event: 16676.580 GC heap after
{Heap after GC invocations=858 (full 0):
 garbage-first heap   total 196608K, used 46588K [0x0000000087800000, 0x0000000100000000)
  region size 1024K, 7 young (7168K), 7 survivors (7168K)
 Metaspace       used 19642K, capacity 19982K, committed 21248K, reserved 1069056K
  class space    used 2099K, capacity 2244K, committed 2560K, reserved 1048576K
}
Event: 16677.386 GC heap before
{Heap before GC invocations=858 (full 0):
 garbage-first heap   total 196608K, used 157180K [0x0000000087800000, 0x0000000100000000)
  region size 1024K, 115 young (117760K), 7 survivors (7168K)
 Metaspace       used 19642K, capacity 19982K, committed 21248K, reserved 1069056K
  class space    used 2099K, capacity 2244K, committed 2560K, reserved 1048576K
}
Event: 16677.392 GC heap after
{Heap after GC invocations=859 (full 0):
 garbage-first heap   total 196608K, used 46416K [0x0000000087800000, 0x0000000100000000)
  region size 1024K, 6 young (6144K), 6 survivors (6144K)
 Metaspace       used 19642K, capacity 19982K, committed 21248K, reserved 1069056K
  class space    used 2099K, capacity 2244K, committed 2560K, reserved 1048576K
}
Event: 16678.256 GC heap before
{Heap before GC invocations=859 (full 0):
 garbage-first heap   total 196608K, used 158032K [0x0000000087800000, 0x0000000100000000)
  region size 1024K, 115 young (117760K), 6 survivors (6144K)
 Metaspace       used 19642K, capacity 19982K, committed 21248K, reserved 1069056K
  class space    used 2099K, capacity 2244K, committed 2560K, reserved 1048576K
}
Event: 16678.264 GC heap after
{Heap after GC invocations=860 (full 0):
 garbage-first heap   total 196608K, used 46399K [0x0000000087800000, 0x0000000100000000)
  region size 1024K, 6 young (6144K), 6 survivors (6144K)
 Metaspace       used 19642K, capacity 19982K, committed 21248K, reserved 1069056K
  class space    used 2099K, capacity 2244K, committed 2560K, reserved 1048576K
}
Event: 16679.219 GC heap before
{Heap before GC invocations=860 (full 0):
 garbage-first heap   total 196608K, used 158015K [0x0000000087800000, 0x0000000100000000)
  region size 1024K, 115 young (117760K), 6 survivors (6144K)
 Metaspace       used 19642K, capacity 19982K, committed 21248K, reserved 1069056K
  class space    used 2099K, capacity 2244K, committed 2560K, reserved 1048576K
}
Event: 16679.224 GC heap after
{Heap after GC invocations=861 (full 0):
 garbage-first heap   total 196608K, used 46415K [0x0000000087800000, 0x0000000100000000)
  region size 1024K, 6 young (6144K), 6 survivors (6144K)
 Metaspace       used 19642K, capacity 19982K, committed 21248K, reserved 1069056K
  class space    used 2099K, capacity 2244K, committed 2560K, reserved 1048576K
}
Event: 16681.669 GC heap before
{Heap before GC invocations=861 (full 0):
 garbage-first heap   total 196608K, used 158031K [0x0000000087800000, 0x0000000100000000)
  region size 1024K, 115 young (117760K), 6 survivors (6144K)
 Metaspace       used 19642K, capacity 19982K, committed 21248K, reserved 1069056K
  class space    used 2099K, capacity 2244K, committed 2560K, reserved 1048576K
}
Event: 16681.679 GC heap after
{Heap after GC invocations=862 (full 0):
 garbage-first heap   total 196608K, used 48802K [0x0000000087800000, 0x0000000100000000)
  region size 1024K, 9 young (9216K), 9 survivors (9216K)
 Metaspace       used 19642K, capacity 19982K, committed 21248K, reserved 1069056K
  class space    used 2099K, capacity 2244K, committed 2560K, reserved 1048576K
}
Event: 17564.061 GC heap before
{Heap before GC invocations=862 (full 0):
 garbage-first heap   total 196608K, used 157346K [0x0000000087800000, 0x0000000100000000)
  region size 1024K, 115 young (117760K), 9 survivors (9216K)
 Metaspace       used 19662K, capacity 19982K, committed 21248K, reserved 1069056K
  class space    used 2099K, capacity 2244K, committed 2560K, reserved 1048576K
}

